<?xml version="1.0" encoding="UTF-8"?>
<!-- Generated by org.testng.reporters.JUnitReportReporter -->
<testsuite hostname="DESKTOP-MHN165I" failures="0" tests="1" name="com.TestNG.Alerthandling" time="16.982" errors="0" timestamp="2025-03-10T19:45:26 GMT" skipped="0">
  <testcase classname="com.TestNG.Alerthandling" name="f" time="16.982"/>
</testsuite> <!-- com.TestNG.Alerthandling -->
