<?xml version="1.0" encoding="UTF-8"?>
<!-- Generated by org.testng.reporters.JUnitReportReporter -->
<testsuite hostname="DESKTOP-MHN165I" failures="0" tests="1" name="com.TestNG.sbilogin" time="10.567" errors="0" timestamp="2025-03-11T20:21:05 GMT" skipped="0">
  <testcase classname="com.TestNG.sbilogin" name="f" time="10.567"/>
</testsuite> <!-- com.TestNG.sbilogin -->
