<?xml version="1.0" encoding="UTF-8"?>
<!-- Generated by org.testng.reporters.JUnitReportReporter -->
<testsuite hostname="DESKTOP-MHN165I" failures="0" tests="1" name="com.TestNG.Facebooklogin" time="14.068" errors="0" timestamp="2025-03-10T18:59:03 GMT" skipped="0">
  <testcase classname="com.TestNG.Facebooklogin" name="f" time="14.068"/>
</testsuite> <!-- com.TestNG.Facebooklogin -->
