<?xml version="1.0" encoding="UTF-8"?>
<!-- Generated by org.testng.reporters.JUnitReportReporter -->
<testsuite hostname="DESKTOP-MHN165I" failures="0" tests="1" name="com.TestNG.NewTest" time="0.031" errors="0" timestamp="2025-03-10T12:29:17 GMT" skipped="0">
  <testcase classname="com.TestNG.NewTest" name="f" time="0.031"/>
</testsuite> <!-- com.TestNG.NewTest -->
