<?xml version="1.0" encoding="UTF-8"?>
<!-- Generated by org.testng.reporters.JUnitReportReporter -->
<testsuite hostname="DESKTOP-MHN165I" failures="0" tests="1" name="com.TestNG.Testing_indexes" time="4.045" errors="0" timestamp="2025-03-11T22:22:57 GMT" skipped="0">
  <testcase classname="com.TestNG.Testing_indexes" name="f" time="4.045"/>
</testsuite> <!-- com.TestNG.Testing_indexes -->
