<?xml version="1.0" encoding="UTF-8"?>
<!-- Generated by org.testng.reporters.JUnitReportReporter -->
<testsuite hostname="DESKTOP-MHN165I" failures="0" tests="1" name="com.TestNG.Annotations" time="13.763" errors="0" timestamp="2025-03-19T12:23:32 GMT" skipped="0">
  <testcase classname="com.TestNG.Annotations" name="f" time="13.763"/>
</testsuite> <!-- com.TestNG.Annotations -->
