<?xml version="1.0" encoding="UTF-8"?>
<!-- Generated by org.testng.reporters.JUnitReportReporter -->
<testsuite hostname="DESKTOP-MHN165I" failures="0" tests="1" name="com.TestNG.Test_1_Assignments" time="3.675" errors="0" timestamp="2025-03-12T13:07:44 GMT" skipped="0">
  <testcase classname="com.TestNG.Test_1_Assignments" name="Test1" time="3.675"/>
</testsuite> <!-- com.TestNG.Test_1_Assignments -->
